Build started 12/5/2014 11:47:51 AM.
     1>Project "c:\Users\pineapple\documents\visual studio 2013\Projects\Project1\Project1\Project1.vcxproj" on node 2 (Build target(s)).
     1>ClCompile:
         C:\Program Files (x86)\Microsoft Visual Studio 12.0\VC\bin\CL.exe /c /IGL/ /ZI /nologo /W3 /WX- /sdl /Od /Oy- /D _MBCS /Gm /EHsc /RTC1 /MDd /GS /fp:precise /Zc:wchar_t /Zc:forScope /Fo"Debug\\" /Fd"Debug\vc120.pdb" /Gd /TP /analyze- /errorReport:prompt Main.cpp Options.cpp Particle.cpp
         Particle.cpp
     1>c:\users\pineapple\documents\visual studio 2013\projects\project1\project1\particle.cpp(16): warning C4305: 'argument' : truncation from 'double' to 'GLfloat'
     1>c:\users\pineapple\documents\visual studio 2013\projects\project1\project1\particle.cpp(21): warning C4244: 'argument' : conversion from 'int' to 'GLfloat', possible loss of data
     1>c:\users\pineapple\documents\visual studio 2013\projects\project1\project1\particle.cpp(36): warning C4244: '=' : conversion from 'double' to 'float', possible loss of data
     1>c:\users\pineapple\documents\visual studio 2013\projects\project1\project1\particle.cpp(79): warning C4305: '*=' : truncation from 'double' to 'float'
     1>c:\users\pineapple\documents\visual studio 2013\projects\project1\project1\particle.cpp(94): warning C4244: 'initializing' : conversion from 'int' to 'float', possible loss of data
         Options.cpp
         Main.cpp
     1>c:\users\pineapple\documents\visual studio 2013\projects\project1\project1\main.cpp(34): warning C4305: 'argument' : truncation from 'double' to 'GLfloat'
     1>c:\users\pineapple\documents\visual studio 2013\projects\project1\project1\main.cpp(42): warning C4305: 'argument' : truncation from 'double' to 'GLfloat'
     1>c:\users\pineapple\documents\visual studio 2013\projects\project1\project1\main.cpp(65): warning C4018: '<' : signed/unsigned mismatch
     1>c:\users\pineapple\documents\visual studio 2013\projects\project1\project1\main.cpp(74): warning C4018: '<' : signed/unsigned mismatch
         Generating Code...
       Link:
         C:\Program Files (x86)\Microsoft Visual Studio 12.0\VC\bin\link.exe /ERRORREPORT:PROMPT /OUT:"c:\users\pineapple\documents\visual studio 2013\Projects\Project1\Debug\Project1.exe" /INCREMENTAL /NOLOGO kernel32.lib GL/freeglut.lib user32.lib gdi32.lib winspool.lib comdlg32.lib advapi32.lib shell32.lib ole32.lib oleaut32.lib uuid.lib odbc32.lib odbccp32.lib kernel32.lib user32.lib gdi32.lib winspool.lib comdlg32.lib advapi32.lib shell32.lib ole32.lib oleaut32.lib uuid.lib odbc32.lib odbccp32.lib /MANIFEST /MANIFESTUAC:"level='asInvoker' uiAccess='false'" /manifest:embed /DEBUG /PDB:"c:\users\pineapple\documents\visual studio 2013\Projects\Project1\Debug\Project1.pdb" /TLBID:1 /DYNAMICBASE /NXCOMPAT /IMPLIB:"c:\users\pineapple\documents\visual studio 2013\Projects\Project1\Debug\Project1.lib" /MACHINE:X86 Debug\Main.obj
         Debug\Options.obj
         Debug\Particle.obj
         Project1.vcxproj -> c:\users\pineapple\documents\visual studio 2013\Projects\Project1\Debug\Project1.exe
     1>Done Building Project "c:\Users\pineapple\documents\visual studio 2013\Projects\Project1\Project1\Project1.vcxproj" (Build target(s)).

Build succeeded.

Time Elapsed 00:00:00.84
